<?xml version="1.0" encoding="UTF-8"?>
<!-- Generated by org.testng.reporters.JUnitReportReporter -->
<testsuite hostname="LAPTOP-FHFSTG3K" failures="0" tests="1" name="Testcases.registerpage" time="4.915" errors="1" timestamp="2022-11-26T16:25:20 IST" skipped="0">
  <testcase classname="Testcases.registerpage" name="registerpagetest" time="4.915">
    <error type="java.lang.StackOverflowError">
      <![CDATA[java.lang.StackOverflowError
at Testcases.registerpage.registerpagetest(registerpage.java:14)
at Testcases.registerpage.registerpagetest(registerpage.java:14)
at Testcases.registerpage.registerpagetest(registerpage.java:14)
at Testcases.registerpage.registerpagetest(registerpage.java:14)
at Testcases.registerpage.registerpagetest(registerpage.java:14)
at Testcases.registerpage.registerpagetest(registerpage.java:14)
at Testcases.registerpage.registerpagetest(registerpage.java:14)
at Testcases.registerpage.registerpagetest(registerpage.java:14)
at Testcases.registerpage.registerpagetest(registerpage.java:14)
at Testcases.registerpage.registerpagetest(registerpage.java:14)
at Testcases.registerpage.registerpagetest(registerpage.java:14)
at Testcases.registerpage.registerpagetest(registerpage.java:14)
at Testcases.registerpage.registerpagetest(registerpage.java:14)
at Testcases.registerpage.registerpagetest(registerpage.java:14)
at Testcases.registerpage.registerpagetest(registerpage.java:14)
at Testcases.registerpage.registerpagetest(registerpage.java:14)
at Testcases.registerpage.registerpagetest(registerpage.java:14)
at Testcases.registerpage.registerpagetest(registerpage.java:14)
at Testcases.registerpage.registerpagetest(registerpage.java:14)
at Testcases.registerpage.registerpagetest(registerpage.java:14)
at Testcases.registerpage.registerpagetest(registerpage.java:14)
at Testcases.registerpage.registerpagetest(registerpage.java:14)
at Testcases.registerpage.registerpagetest(registerpage.java:14)
at Testcases.registerpage.registerpagetest(registerpage.java:14)
at Testcases.registerpage.registerpagetest(registerpage.java:14)
at Testcases.registerpage.registerpagetest(registerpage.java:14)
at Testcases.registerpage.registerpagetest(registerpage.java:14)
at Testcases.registerpage.registerpagetest(registerpage.java:14)
at Testcases.registerpage.registerpagetest(registerpage.java:14)
at Testcases.registerpage.registerpagetest(registerpage.java:14)
at Testcases.registerpage.registerpagetest(registerpage.java:14)
at Testcases.registerpage.registerpagetest(registerpage.java:14)
at Testcases.registerpage.registerpagetest(registerpage.java:14)
at Testcases.registerpage.registerpagetest(registerpage.java:14)
at Testcases.registerpage.registerpagetest(registerpage.java:14)
at Testcases.registerpage.registerpagetest(registerpage.java:14)
at Testcases.registerpage.registerpagetest(registerpage.java:14)
at Testcases.registerpage.registerpagetest(registerpage.java:14)
at Testcases.registerpage.registerpagetest(registerpage.java:14)
at Testcases.registerpage.registerpagetest(registerpage.java:14)
at Testcases.registerpage.registerpagetest(registerpage.java:14)
at Testcases.registerpage.registerpagetest(registerpage.java:14)
at Testcases.registerpage.registerpagetest(registerpage.java:14)
at Testcases.registerpage.registerpagetest(registerpage.java:14)
at Testcases.registerpage.registerpagetest(registerpage.java:14)
at Testcases.registerpage.registerpagetest(registerpage.java:14)
at Testcases.registerpage.registerpagetest(registerpage.java:14)
at Testcases.registerpage.registerpagetest(registerpage.java:14)
at Testcases.registerpage.registerpagetest(registerpage.java:14)
at Testcases.registerpage.registerpagetest(registerpage.java:14)
at Testcases.registerpage.registerpagetest(registerpage.java:14)
at Testcases.registerpage.registerpagetest(registerpage.java:14)
at Testcases.registerpage.registerpagetest(registerpage.java:14)
at Testcases.registerpage.registerpagetest(registerpage.java:14)
at Testcases.registerpage.registerpagetest(registerpage.java:14)
at Testcases.registerpage.registerpagetest(registerpage.java:14)
at Testcases.registerpage.registerpagetest(registerpage.java:14)
at Testcases.registerpage.registerpagetest(registerpage.java:14)
at Testcases.registerpage.registerpagetest(registerpage.java:14)
at Testcases.registerpage.registerpagetest(registerpage.java:14)
at Testcases.registerpage.registerpagetest(registerpage.java:14)
at Testcases.registerpage.registerpagetest(registerpage.java:14)
at Testcases.registerpage.registerpagetest(registerpage.java:14)
at Testcases.registerpage.registerpagetest(registerpage.java:14)
at Testcases.registerpage.registerpagetest(registerpage.java:14)
at Testcases.registerpage.registerpagetest(registerpage.java:14)
at Testcases.registerpage.registerpagetest(registerpage.java:14)
at Testcases.registerpage.registerpagetest(registerpage.java:14)
at Testcases.registerpage.registerpagetest(registerpage.java:14)
at Testcases.registerpage.registerpagetest(registerpage.java:14)
at Testcases.registerpage.registerpagetest(registerpage.java:14)
at Testcases.registerpage.registerpagetest(registerpage.java:14)
at Testcases.registerpage.registerpagetest(registerpage.java:14)
at Testcases.registerpage.registerpagetest(registerpage.java:14)
at Testcases.registerpage.registerpagetest(registerpage.java:14)
at Testcases.registerpage.registerpagetest(registerpage.java:14)
at Testcases.registerpage.registerpagetest(registerpage.java:14)
at Testcases.registerpage.registerpagetest(registerpage.java:14)
at Testcases.registerpage.registerpagetest(registerpage.java:14)
at Testcases.registerpage.registerpagetest(registerpage.java:14)
at Testcases.registerpage.registerpagetest(registerpage.java:14)
at Testcases.registerpage.registerpagetest(registerpage.java:14)
at Testcases.registerpage.registerpagetest(registerpage.java:14)
at Testcases.registerpage.registerpagetest(registerpage.java:14)
at Testcases.registerpage.registerpagetest(registerpage.java:14)
at Testcases.registerpage.registerpagetest(registerpage.java:14)
at Testcases.registerpage.registerpagetest(registerpage.java:14)
at Testcases.registerpage.registerpagetest(registerpage.java:14)
at Testcases.registerpage.registerpagetest(registerpage.java:14)
at Testcases.registerpage.registerpagetest(registerpage.java:14)
at Testcases.registerpage.registerpagetest(registerpage.java:14)
at Testcases.registerpage.registerpagetest(registerpage.java:14)
at Testcases.registerpage.registerpagetest(registerpage.java:14)
at Testcases.registerpage.registerpagetest(registerpage.java:14)
at Testcases.registerpage.registerpagetest(registerpage.java:14)
at Testcases.registerpage.registerpagetest(registerpage.java:14)
at Testcases.registerpage.registerpagetest(registerpage.java:14)
at Testcases.registerpage.registerpagetest(registerpage.java:14)
at Testcases.registerpage.registerpagetest(registerpage.java:14)
at Testcases.registerpage.registerpagetest(registerpage.java:14)
at Testcases.registerpage.registerpagetest(registerpage.java:14)
at Testcases.registerpage.registerpagetest(registerpage.java:14)
at Testcases.registerpage.registerpagetest(registerpage.java:14)
at Testcases.registerpage.registerpagetest(registerpage.java:14)
at Testcases.registerpage.registerpagetest(registerpage.java:14)
at Testcases.registerpage.registerpagetest(registerpage.java:14)
at Testcases.registerpage.registerpagetest(registerpage.java:14)
at Testcases.registerpage.registerpagetest(registerpage.java:14)
at Testcases.registerpage.registerpagetest(registerpage.java:14)
at Testcases.registerpage.registerpagetest(registerpage.java:14)
at Testcases.registerpage.registerpagetest(registerpage.java:14)
at Testcases.registerpage.registerpagetest(registerpage.java:14)
at Testcases.registerpage.registerpagetest(registerpage.java:14)
at Testcases.registerpage.registerpagetest(registerpage.java:14)
at Testcases.registerpage.registerpagetest(registerpage.java:14)
at Testcases.registerpage.registerpagetest(registerpage.java:14)
at Testcases.registerpage.registerpagetest(registerpage.java:14)
at Testcases.registerpage.registerpagetest(registerpage.java:14)
at Testcases.registerpage.registerpagetest(registerpage.java:14)
at Testcases.registerpage.registerpagetest(registerpage.java:14)
at Testcases.registerpage.registerpagetest(registerpage.java:14)
at Testcases.registerpage.registerpagetest(registerpage.java:14)
at Testcases.registerpage.registerpagetest(registerpage.java:14)
at Testcases.registerpage.registerpagetest(registerpage.java:14)
at Testcases.registerpage.registerpagetest(registerpage.java:14)
at Testcases.registerpage.registerpagetest(registerpage.java:14)
at Testcases.registerpage.registerpagetest(registerpage.java:14)
at Testcases.registerpage.registerpagetest(registerpage.java:14)
at Testcases.registerpage.registerpagetest(registerpage.java:14)
at Testcases.registerpage.registerpagetest(registerpage.java:14)
at Testcases.registerpage.registerpagetest(registerpage.java:14)
at Testcases.registerpage.registerpagetest(registerpage.java:14)
at Testcases.registerpage.registerpagetest(registerpage.java:14)
at Testcases.registerpage.registerpagetest(registerpage.java:14)
at Testcases.registerpage.registerpagetest(registerpage.java:14)
at Testcases.registerpage.registerpagetest(registerpage.java:14)
at Testcases.registerpage.registerpagetest(registerpage.java:14)
at Testcases.registerpage.registerpagetest(registerpage.java:14)
at Testcases.registerpage.registerpagetest(registerpage.java:14)
at Testcases.registerpage.registerpagetest(registerpage.java:14)
at Testcases.registerpage.registerpagetest(registerpage.java:14)
at Testcases.registerpage.registerpagetest(registerpage.java:14)
at Testcases.registerpage.registerpagetest(registerpage.java:14)
at Testcases.registerpage.registerpagetest(registerpage.java:14)
at Testcases.registerpage.registerpagetest(registerpage.java:14)
at Testcases.registerpage.registerpagetest(registerpage.java:14)
at Testcases.registerpage.registerpagetest(registerpage.java:14)
at Testcases.registerpage.registerpagetest(registerpage.java:14)
at Testcases.registerpage.registerpagetest(registerpage.java:14)
at Testcases.registerpage.registerpagetest(registerpage.java:14)
at Testcases.registerpage.registerpagetest(registerpage.java:14)
at Testcases.registerpage.registerpagetest(registerpage.java:14)
at Testcases.registerpage.registerpagetest(registerpage.java:14)
at Testcases.registerpage.registerpagetest(registerpage.java:14)
at Testcases.registerpage.registerpagetest(registerpage.java:14)
at Testcases.registerpage.registerpagetest(registerpage.java:14)
at Testcases.registerpage.registerpagetest(registerpage.java:14)
at Testcases.registerpage.registerpagetest(registerpage.java:14)
at Testcases.registerpage.registerpagetest(registerpage.java:14)
at Testcases.registerpage.registerpagetest(registerpage.java:14)
at Testcases.registerpage.registerpagetest(registerpage.java:14)
at Testcases.registerpage.registerpagetest(registerpage.java:14)
at Testcases.registerpage.registerpagetest(registerpage.java:14)
at Testcases.registerpage.registerpagetest(registerpage.java:14)
at Testcases.registerpage.registerpagetest(registerpage.java:14)
at Testcases.registerpage.registerpagetest(registerpage.java:14)
at Testcases.registerpage.registerpagetest(registerpage.java:14)
at Testcases.registerpage.registerpagetest(registerpage.java:14)
at Testcases.registerpage.registerpagetest(registerpage.java:14)
at Testcases.registerpage.registerpagetest(registerpage.java:14)
at Testcases.registerpage.registerpagetest(registerpage.java:14)
at Testcases.registerpage.registerpagetest(registerpage.java:14)
at Testcases.registerpage.registerpagetest(registerpage.java:14)
at Testcases.registerpage.registerpagetest(registerpage.java:14)
at Testcases.registerpage.registerpagetest(registerpage.java:14)
at Testcases.registerpage.registerpagetest(registerpage.java:14)
at Testcases.registerpage.registerpagetest(registerpage.java:14)
at Testcases.registerpage.registerpagetest(registerpage.java:14)
at Testcases.registerpage.registerpagetest(registerpage.java:14)
at Testcases.registerpage.registerpagetest(registerpage.java:14)
at Testcases.registerpage.registerpagetest(registerpage.java:14)
at Testcases.registerpage.registerpagetest(registerpage.java:14)
at Testcases.registerpage.registerpagetest(registerpage.java:14)
at Testcases.registerpage.registerpagetest(registerpage.java:14)
at Testcases.registerpage.registerpagetest(registerpage.java:14)
at Testcases.registerpage.registerpagetest(registerpage.java:14)
at Testcases.registerpage.registerpagetest(registerpage.java:14)
at Testcases.registerpage.registerpagetest(registerpage.java:14)
at Testcases.registerpage.registerpagetest(registerpage.java:14)
at Testcases.registerpage.registerpagetest(registerpage.java:14)
at Testcases.registerpage.registerpagetest(registerpage.java:14)
at Testcases.registerpage.registerpagetest(registerpage.java:14)
at Testcases.registerpage.registerpagetest(registerpage.java:14)
at Testcases.registerpage.registerpagetest(registerpage.java:14)
at Testcases.registerpage.registerpagetest(registerpage.java:14)
at Testcases.registerpage.registerpagetest(registerpage.java:14)
at Testcases.registerpage.registerpagetest(registerpage.java:14)
at Testcases.registerpage.registerpagetest(registerpage.java:14)
at Testcases.registerpage.registerpagetest(registerpage.java:14)
at Testcases.registerpage.registerpagetest(registerpage.java:14)
at Testcases.registerpage.registerpagetest(registerpage.java:14)
at Testcases.registerpage.registerpagetest(registerpage.java:14)
at Testcases.registerpage.registerpagetest(registerpage.java:14)
at Testcases.registerpage.registerpagetest(registerpage.java:14)
at Testcases.registerpage.registerpagetest(registerpage.java:14)
at Testcases.registerpage.registerpagetest(registerpage.java:14)
at Testcases.registerpage.registerpagetest(registerpage.java:14)
at Testcases.registerpage.registerpagetest(registerpage.java:14)
at Testcases.registerpage.registerpagetest(registerpage.java:14)
at Testcases.registerpage.registerpagetest(registerpage.java:14)
at Testcases.registerpage.registerpagetest(registerpage.java:14)
at Testcases.registerpage.registerpagetest(registerpage.java:14)
at Testcases.registerpage.registerpagetest(registerpage.java:14)
at Testcases.registerpage.registerpagetest(registerpage.java:14)
at Testcases.registerpage.registerpagetest(registerpage.java:14)
at Testcases.registerpage.registerpagetest(registerpage.java:14)
at Testcases.registerpage.registerpagetest(registerpage.java:14)
at Testcases.registerpage.registerpagetest(registerpage.java:14)
at Testcases.registerpage.registerpagetest(registerpage.java:14)
at Testcases.registerpage.registerpagetest(registerpage.java:14)
at Testcases.registerpage.registerpagetest(registerpage.java:14)
at Testcases.registerpage.registerpagetest(registerpage.java:14)
at Testcases.registerpage.registerpagetest(registerpage.java:14)
at Testcases.registerpage.registerpagetest(registerpage.java:14)
at Testcases.registerpage.registerpagetest(registerpage.java:14)
at Testcases.registerpage.registerpagetest(registerpage.java:14)
at Testcases.registerpage.registerpagetest(registerpage.java:14)
at Testcases.registerpage.registerpagetest(registerpage.java:14)
at Testcases.registerpage.registerpagetest(registerpage.java:14)
at Testcases.registerpage.registerpagetest(registerpage.java:14)
at Testcases.registerpage.registerpagetest(registerpage.java:14)
at Testcases.registerpage.registerpagetest(registerpage.java:14)
at Testcases.registerpage.registerpagetest(registerpage.java:14)
at Testcases.registerpage.registerpagetest(registerpage.java:14)
at Testcases.registerpage.registerpagetest(registerpage.java:14)
at Testcases.registerpage.registerpagetest(registerpage.java:14)
at Testcases.registerpage.registerpagetest(registerpage.java:14)
at Testcases.registerpage.registerpagetest(registerpage.java:14)
at Testcases.registerpage.registerpagetest(registerpage.java:14)
at Testcases.registerpage.registerpagetest(registerpage.java:14)
at Testcases.registerpage.registerpagetest(registerpage.java:14)
at Testcases.registerpage.registerpagetest(registerpage.java:14)
at Testcases.registerpage.registerpagetest(registerpage.java:14)
at Testcases.registerpage.registerpagetest(registerpage.java:14)
at Testcases.registerpage.registerpagetest(registerpage.java:14)
at Testcases.registerpage.registerpagetest(registerpage.java:14)
at Testcases.registerpage.registerpagetest(registerpage.java:14)
at Testcases.registerpage.registerpagetest(registerpage.java:14)
at Testcases.registerpage.registerpagetest(registerpage.java:14)
at Testcases.registerpage.registerpagetest(registerpage.java:14)
at Testcases.registerpage.registerpagetest(registerpage.java:14)
at Testcases.registerpage.registerpagetest(registerpage.java:14)
at Testcases.registerpage.registerpagetest(registerpage.java:14)
at Testcases.registerpage.registerpagetest(registerpage.java:14)
at Testcases.registerpage.registerpagetest(registerpage.java:14)
at Testcases.registerpage.registerpagetest(registerpage.java:14)
at Testcases.registerpage.registerpagetest(registerpage.java:14)
at Testcases.registerpage.registerpagetest(registerpage.java:14)
at Testcases.registerpage.registerpagetest(registerpage.java:14)
at Testcases.registerpage.registerpagetest(registerpage.java:14)
at Testcases.registerpage.registerpagetest(registerpage.java:14)
at Testcases.registerpage.registerpagetest(registerpage.java:14)
at Testcases.registerpage.registerpagetest(registerpage.java:14)
at Testcases.registerpage.registerpagetest(registerpage.java:14)
at Testcases.registerpage.registerpagetest(registerpage.java:14)
at Testcases.registerpage.registerpagetest(registerpage.java:14)
at Testcases.registerpage.registerpagetest(registerpage.java:14)
at Testcases.registerpage.registerpagetest(registerpage.java:14)
at Testcases.registerpage.registerpagetest(registerpage.java:14)
at Testcases.registerpage.registerpagetest(registerpage.java:14)
at Testcases.registerpage.registerpagetest(registerpage.java:14)
at Testcases.registerpage.registerpagetest(registerpage.java:14)
at Testcases.registerpage.registerpagetest(registerpage.java:14)
at Testcases.registerpage.registerpagetest(registerpage.java:14)
at Testcases.registerpage.registerpagetest(registerpage.java:14)
at Testcases.registerpage.registerpagetest(registerpage.java:14)
at Testcases.registerpage.registerpagetest(registerpage.java:14)
at Testcases.registerpage.registerpagetest(registerpage.java:14)
at Testcases.registerpage.registerpagetest(registerpage.java:14)
at Testcases.registerpage.registerpagetest(registerpage.java:14)
at Testcases.registerpage.registerpagetest(registerpage.java:14)
at Testcases.registerpage.registerpagetest(registerpage.java:14)
at Testcases.registerpage.registerpagetest(registerpage.java:14)
at Testcases.registerpage.registerpagetest(registerpage.java:14)
at Testcases.registerpage.registerpagetest(registerpage.java:14)
at Testcases.registerpage.registerpagetest(registerpage.java:14)
at Testcases.registerpage.registerpagetest(registerpage.java:14)
at Testcases.registerpage.registerpagetest(registerpage.java:14)
at Testcases.registerpage.registerpagetest(registerpage.java:14)
at Testcases.registerpage.registerpagetest(registerpage.java:14)
at Testcases.registerpage.registerpagetest(registerpage.java:14)
at Testcases.registerpage.registerpagetest(registerpage.java:14)
at Testcases.registerpage.registerpagetest(registerpage.java:14)
at Testcases.registerpage.registerpagetest(registerpage.java:14)
at Testcases.registerpage.registerpagetest(registerpage.java:14)
at Testcases.registerpage.registerpagetest(registerpage.java:14)
at Testcases.registerpage.registerpagetest(registerpage.java:14)
at Testcases.registerpage.registerpagetest(registerpage.java:14)
at Testcases.registerpage.registerpagetest(registerpage.java:14)
at Testcases.registerpage.registerpagetest(registerpage.java:14)
at Testcases.registerpage.registerpagetest(registerpage.java:14)
at Testcases.registerpage.registerpagetest(registerpage.java:14)
at Testcases.registerpage.registerpagetest(registerpage.java:14)
at Testcases.registerpage.registerpagetest(registerpage.java:14)
at Testcases.registerpage.registerpagetest(registerpage.java:14)
at Testcases.registerpage.registerpagetest(registerpage.java:14)
at Testcases.registerpage.registerpagetest(registerpage.java:14)
at Testcases.registerpage.registerpagetest(registerpage.java:14)
at Testcases.registerpage.registerpagetest(registerpage.java:14)
at Testcases.registerpage.registerpagetest(registerpage.java:14)
at Testcases.registerpage.registerpagetest(registerpage.java:14)
at Testcases.registerpage.registerpagetest(registerpage.java:14)
at Testcases.registerpage.registerpagetest(registerpage.java:14)
at Testcases.registerpage.registerpagetest(registerpage.java:14)
at Testcases.registerpage.registerpagetest(registerpage.java:14)
at Testcases.registerpage.registerpagetest(registerpage.java:14)
at Testcases.registerpage.registerpagetest(registerpage.java:14)
at Testcases.registerpage.registerpagetest(registerpage.java:14)
at Testcases.registerpage.registerpagetest(registerpage.java:14)
at Testcases.registerpage.registerpagetest(registerpage.java:14)
at Testcases.registerpage.registerpagetest(registerpage.java:14)
at Testcases.registerpage.registerpagetest(registerpage.java:14)
at Testcases.registerpage.registerpagetest(registerpage.java:14)
at Testcases.registerpage.registerpagetest(registerpage.java:14)
at Testcases.registerpage.registerpagetest(registerpage.java:14)
at Testcases.registerpage.registerpagetest(registerpage.java:14)
at Testcases.registerpage.registerpagetest(registerpage.java:14)
at Testcases.registerpage.registerpagetest(registerpage.java:14)
at Testcases.registerpage.registerpagetest(registerpage.java:14)
at Testcases.registerpage.registerpagetest(registerpage.java:14)
at Testcases.registerpage.registerpagetest(registerpage.java:14)
at Testcases.registerpage.registerpagetest(registerpage.java:14)
at Testcases.registerpage.registerpagetest(registerpage.java:14)
at Testcases.registerpage.registerpagetest(registerpage.java:14)
at Testcases.registerpage.registerpagetest(registerpage.java:14)
at Testcases.registerpage.registerpagetest(registerpage.java:14)
at Testcases.registerpage.registerpagetest(registerpage.java:14)
at Testcases.registerpage.registerpagetest(registerpage.java:14)
at Testcases.registerpage.registerpagetest(registerpage.java:14)
at Testcases.registerpage.registerpagetest(registerpage.java:14)
at Testcases.registerpage.registerpagetest(registerpage.java:14)
at Testcases.registerpage.registerpagetest(registerpage.java:14)
at Testcases.registerpage.registerpagetest(registerpage.java:14)
at Testcases.registerpage.registerpagetest(registerpage.java:14)
at Testcases.registerpage.registerpagetest(registerpage.java:14)
at Testcases.registerpage.registerpagetest(registerpage.java:14)
at Testcases.registerpage.registerpagetest(registerpage.java:14)
at Testcases.registerpage.registerpagetest(registerpage.java:14)
at Testcases.registerpage.registerpagetest(registerpage.java:14)
at Testcases.registerpage.registerpagetest(registerpage.java:14)
at Testcases.registerpage.registerpagetest(registerpage.java:14)
at Testcases.registerpage.registerpagetest(registerpage.java:14)
at Testcases.registerpage.registerpagetest(registerpage.java:14)
at Testcases.registerpage.registerpagetest(registerpage.java:14)
at Testcases.registerpage.registerpagetest(registerpage.java:14)
at Testcases.registerpage.registerpagetest(registerpage.java:14)
at Testcases.registerpage.registerpagetest(registerpage.java:14)
at Testcases.registerpage.registerpagetest(registerpage.java:14)
at Testcases.registerpage.registerpagetest(registerpage.java:14)
at Testcases.registerpage.registerpagetest(registerpage.java:14)
at Testcases.registerpage.registerpagetest(registerpage.java:14)
at Testcases.registerpage.registerpagetest(registerpage.java:14)
at Testcases.registerpage.registerpagetest(registerpage.java:14)
at Testcases.registerpage.registerpagetest(registerpage.java:14)
at Testcases.registerpage.registerpagetest(registerpage.java:14)
at Testcases.registerpage.registerpagetest(registerpage.java:14)
at Testcases.registerpage.registerpagetest(registerpage.java:14)
at Testcases.registerpage.registerpagetest(registerpage.java:14)
at Testcases.registerpage.registerpagetest(registerpage.java:14)
at Testcases.registerpage.registerpagetest(registerpage.java:14)
at Testcases.registerpage.registerpagetest(registerpage.java:14)
at Testcases.registerpage.registerpagetest(registerpage.java:14)
at Testcases.registerpage.registerpagetest(registerpage.java:14)
at Testcases.registerpage.registerpagetest(registerpage.java:14)
at Testcases.registerpage.registerpagetest(registerpage.java:14)
at Testcases.registerpage.registerpagetest(registerpage.java:14)
at Testcases.registerpage.registerpagetest(registerpage.java:14)
at Testcases.registerpage.registerpagetest(registerpage.java:14)
at Testcases.registerpage.registerpagetest(registerpage.java:14)
at Testcases.registerpage.registerpagetest(registerpage.java:14)
at Testcases.registerpage.registerpagetest(registerpage.java:14)
at Testcases.registerpage.registerpagetest(registerpage.java:14)
at Testcases.registerpage.registerpagetest(registerpage.java:14)
at Testcases.registerpage.registerpagetest(registerpage.java:14)
at Testcases.registerpage.registerpagetest(registerpage.java:14)
at Testcases.registerpage.registerpagetest(registerpage.java:14)
at Testcases.registerpage.registerpagetest(registerpage.java:14)
at Testcases.registerpage.registerpagetest(registerpage.java:14)
at Testcases.registerpage.registerpagetest(registerpage.java:14)
at Testcases.registerpage.registerpagetest(registerpage.java:14)
at Testcases.registerpage.registerpagetest(registerpage.java:14)
at Testcases.registerpage.registerpagetest(registerpage.java:14)
at Testcases.registerpage.registerpagetest(registerpage.java:14)
at Testcases.registerpage.registerpagetest(registerpage.java:14)
at Testcases.registerpage.registerpagetest(registerpage.java:14)
at Testcases.registerpage.registerpagetest(registerpage.java:14)
at Testcases.registerpage.registerpagetest(registerpage.java:14)
at Testcases.registerpage.registerpagetest(registerpage.java:14)
at Testcases.registerpage.registerpagetest(registerpage.java:14)
at Testcases.registerpage.registerpagetest(registerpage.java:14)
at Testcases.registerpage.registerpagetest(registerpage.java:14)
at Testcases.registerpage.registerpagetest(registerpage.java:14)
at Testcases.registerpage.registerpagetest(registerpage.java:14)
at Testcases.registerpage.registerpagetest(registerpage.java:14)
at Testcases.registerpage.registerpagetest(registerpage.java:14)
at Testcases.registerpage.registerpagetest(registerpage.java:14)
at Testcases.registerpage.registerpagetest(registerpage.java:14)
at Testcases.registerpage.registerpagetest(registerpage.java:14)
at Testcases.registerpage.registerpagetest(registerpage.java:14)
at Testcases.registerpage.registerpagetest(registerpage.java:14)
at Testcases.registerpage.registerpagetest(registerpage.java:14)
at Testcases.registerpage.registerpagetest(registerpage.java:14)
at Testcases.registerpage.registerpagetest(registerpage.java:14)
at Testcases.registerpage.registerpagetest(registerpage.java:14)
at Testcases.registerpage.registerpagetest(registerpage.java:14)
at Testcases.registerpage.registerpagetest(registerpage.java:14)
at Testcases.registerpage.registerpagetest(registerpage.java:14)
at Testcases.registerpage.registerpagetest(registerpage.java:14)
at Testcases.registerpage.registerpagetest(registerpage.java:14)
at Testcases.registerpage.registerpagetest(registerpage.java:14)
at Testcases.registerpage.registerpagetest(registerpage.java:14)
at Testcases.registerpage.registerpagetest(registerpage.java:14)
at Testcases.registerpage.registerpagetest(registerpage.java:14)
at Testcases.registerpage.registerpagetest(registerpage.java:14)
at Testcases.registerpage.registerpagetest(registerpage.java:14)
at Testcases.registerpage.registerpagetest(registerpage.java:14)
at Testcases.registerpage.registerpagetest(registerpage.java:14)
at Testcases.registerpage.registerpagetest(registerpage.java:14)
at Testcases.registerpage.registerpagetest(registerpage.java:14)
at Testcases.registerpage.registerpagetest(registerpage.java:14)
at Testcases.registerpage.registerpagetest(registerpage.java:14)
at Testcases.registerpage.registerpagetest(registerpage.java:14)
at Testcases.registerpage.registerpagetest(registerpage.java:14)
at Testcases.registerpage.registerpagetest(registerpage.java:14)
at Testcases.registerpage.registerpagetest(registerpage.java:14)
at Testcases.registerpage.registerpagetest(registerpage.java:14)
at Testcases.registerpage.registerpagetest(registerpage.java:14)
at Testcases.registerpage.registerpagetest(registerpage.java:14)
at Testcases.registerpage.registerpagetest(registerpage.java:14)
at Testcases.registerpage.registerpagetest(registerpage.java:14)
at Testcases.registerpage.registerpagetest(registerpage.java:14)
at Testcases.registerpage.registerpagetest(registerpage.java:14)
at Testcases.registerpage.registerpagetest(registerpage.java:14)
at Testcases.registerpage.registerpagetest(registerpage.java:14)
at Testcases.registerpage.registerpagetest(registerpage.java:14)
at Testcases.registerpage.registerpagetest(registerpage.java:14)
at Testcases.registerpage.registerpagetest(registerpage.java:14)
at Testcases.registerpage.registerpagetest(registerpage.java:14)
at Testcases.registerpage.registerpagetest(registerpage.java:14)
at Testcases.registerpage.registerpagetest(registerpage.java:14)
at Testcases.registerpage.registerpagetest(registerpage.java:14)
at Testcases.registerpage.registerpagetest(registerpage.java:14)
at Testcases.registerpage.registerpagetest(registerpage.java:14)
at Testcases.registerpage.registerpagetest(registerpage.java:14)
at Testcases.registerpage.registerpagetest(registerpage.java:14)
at Testcases.registerpage.registerpagetest(registerpage.java:14)
at Testcases.registerpage.registerpagetest(registerpage.java:14)
at Testcases.registerpage.registerpagetest(registerpage.java:14)
at Testcases.registerpage.registerpagetest(registerpage.java:14)
at Testcases.registerpage.registerpagetest(registerpage.java:14)
at Testcases.registerpage.registerpagetest(registerpage.java:14)
at Testcases.registerpage.registerpagetest(registerpage.java:14)
at Testcases.registerpage.registerpagetest(registerpage.java:14)
at Testcases.registerpage.registerpagetest(registerpage.java:14)
at Testcases.registerpage.registerpagetest(registerpage.java:14)
at Testcases.registerpage.registerpagetest(registerpage.java:14)
at Testcases.registerpage.registerpagetest(registerpage.java:14)
at Testcases.registerpage.registerpagetest(registerpage.java:14)
at Testcases.registerpage.registerpagetest(registerpage.java:14)
at Testcases.registerpage.registerpagetest(registerpage.java:14)
at Testcases.registerpage.registerpagetest(registerpage.java:14)
at Testcases.registerpage.registerpagetest(registerpage.java:14)
at Testcases.registerpage.registerpagetest(registerpage.java:14)
at Testcases.registerpage.registerpagetest(registerpage.java:14)
at Testcases.registerpage.registerpagetest(registerpage.java:14)
at Testcases.registerpage.registerpagetest(registerpage.java:14)
at Testcases.registerpage.registerpagetest(registerpage.java:14)
at Testcases.registerpage.registerpagetest(registerpage.java:14)
at Testcases.registerpage.registerpagetest(registerpage.java:14)
at Testcases.registerpage.registerpagetest(registerpage.java:14)
at Testcases.registerpage.registerpagetest(registerpage.java:14)
at Testcases.registerpage.registerpagetest(registerpage.java:14)
at Testcases.registerpage.registerpagetest(registerpage.java:14)
at Testcases.registerpage.registerpagetest(registerpage.java:14)
at Testcases.registerpage.registerpagetest(registerpage.java:14)
at Testcases.registerpage.registerpagetest(registerpage.java:14)
at Testcases.registerpage.registerpagetest(registerpage.java:14)
at Testcases.registerpage.registerpagetest(registerpage.java:14)
at Testcases.registerpage.registerpagetest(registerpage.java:14)
at Testcases.registerpage.registerpagetest(registerpage.java:14)
at Testcases.registerpage.registerpagetest(registerpage.java:14)
at Testcases.registerpage.registerpagetest(registerpage.java:14)
at Testcases.registerpage.registerpagetest(registerpage.java:14)
at Testcases.registerpage.registerpagetest(registerpage.java:14)
at Testcases.registerpage.registerpagetest(registerpage.java:14)
at Testcases.registerpage.registerpagetest(registerpage.java:14)
at Testcases.registerpage.registerpagetest(registerpage.java:14)
at Testcases.registerpage.registerpagetest(registerpage.java:14)
at Testcases.registerpage.registerpagetest(registerpage.java:14)
at Testcases.registerpage.registerpagetest(registerpage.java:14)
at Testcases.registerpage.registerpagetest(registerpage.java:14)
at Testcases.registerpage.registerpagetest(registerpage.java:14)
at Testcases.registerpage.registerpagetest(registerpage.java:14)
at Testcases.registerpage.registerpagetest(registerpage.java:14)
at Testcases.registerpage.registerpagetest(registerpage.java:14)
at Testcases.registerpage.registerpagetest(registerpage.java:14)
at Testcases.registerpage.registerpagetest(registerpage.java:14)
at Testcases.registerpage.registerpagetest(registerpage.java:14)
at Testcases.registerpage.registerpagetest(registerpage.java:14)
at Testcases.registerpage.registerpagetest(registerpage.java:14)
at Testcases.registerpage.registerpagetest(registerpage.java:14)
at Testcases.registerpage.registerpagetest(registerpage.java:14)
at Testcases.registerpage.registerpagetest(registerpage.java:14)
at Testcases.registerpage.registerpagetest(registerpage.java:14)
at Testcases.registerpage.registerpagetest(registerpage.java:14)
at Testcases.registerpage.registerpagetest(registerpage.java:14)
at Testcases.registerpage.registerpagetest(registerpage.java:14)
at Testcases.registerpage.registerpagetest(registerpage.java:14)
at Testcases.registerpage.registerpagetest(registerpage.java:14)
at Testcases.registerpage.registerpagetest(registerpage.java:14)
at Testcases.registerpage.registerpagetest(registerpage.java:14)
at Testcases.registerpage.registerpagetest(registerpage.java:14)
at Testcases.registerpage.registerpagetest(registerpage.java:14)
at Testcases.registerpage.registerpagetest(registerpage.java:14)
at Testcases.registerpage.registerpagetest(registerpage.java:14)
at Testcases.registerpage.registerpagetest(registerpage.java:14)
at Testcases.registerpage.registerpagetest(registerpage.java:14)
at Testcases.registerpage.registerpagetest(registerpage.java:14)
at Testcases.registerpage.registerpagetest(registerpage.java:14)
at Testcases.registerpage.registerpagetest(registerpage.java:14)
at Testcases.registerpage.registerpagetest(registerpage.java:14)
at Testcases.registerpage.registerpagetest(registerpage.java:14)
at Testcases.registerpage.registerpagetest(registerpage.java:14)
at Testcases.registerpage.registerpagetest(registerpage.java:14)
at Testcases.registerpage.registerpagetest(registerpage.java:14)
at Testcases.registerpage.registerpagetest(registerpage.java:14)
at Testcases.registerpage.registerpagetest(registerpage.java:14)
at Testcases.registerpage.registerpagetest(registerpage.java:14)
at Testcases.registerpage.registerpagetest(registerpage.java:14)
at Testcases.registerpage.registerpagetest(registerpage.java:14)
at Testcases.registerpage.registerpagetest(registerpage.java:14)
at Testcases.registerpage.registerpagetest(registerpage.java:14)
at Testcases.registerpage.registerpagetest(registerpage.java:14)
at Testcases.registerpage.registerpagetest(registerpage.java:14)
at Testcases.registerpage.registerpagetest(registerpage.java:14)
at Testcases.registerpage.registerpagetest(registerpage.java:14)
at Testcases.registerpage.registerpagetest(registerpage.java:14)
at Testcases.registerpage.registerpagetest(registerpage.java:14)
at Testcases.registerpage.registerpagetest(registerpage.java:14)
at Testcases.registerpage.registerpagetest(registerpage.java:14)
at Testcases.registerpage.registerpagetest(registerpage.java:14)
at Testcases.registerpage.registerpagetest(registerpage.java:14)
at Testcases.registerpage.registerpagetest(registerpage.java:14)
at Testcases.registerpage.registerpagetest(registerpage.java:14)
at Testcases.registerpage.registerpagetest(registerpage.java:14)
at Testcases.registerpage.registerpagetest(registerpage.java:14)
at Testcases.registerpage.registerpagetest(registerpage.java:14)
at Testcases.registerpage.registerpagetest(registerpage.java:14)
at Testcases.registerpage.registerpagetest(registerpage.java:14)
at Testcases.registerpage.registerpagetest(registerpage.java:14)
at Testcases.registerpage.registerpagetest(registerpage.java:14)
at Testcases.registerpage.registerpagetest(registerpage.java:14)
at Testcases.registerpage.registerpagetest(registerpage.java:14)
at Testcases.registerpage.registerpagetest(registerpage.java:14)
at Testcases.registerpage.registerpagetest(registerpage.java:14)
at Testcases.registerpage.registerpagetest(registerpage.java:14)
at Testcases.registerpage.registerpagetest(registerpage.java:14)
at Testcases.registerpage.registerpagetest(registerpage.java:14)
at Testcases.registerpage.registerpagetest(registerpage.java:14)
at Testcases.registerpage.registerpagetest(registerpage.java:14)
at Testcases.registerpage.registerpagetest(registerpage.java:14)
at Testcases.registerpage.registerpagetest(registerpage.java:14)
at Testcases.registerpage.registerpagetest(registerpage.java:14)
at Testcases.registerpage.registerpagetest(registerpage.java:14)
at Testcases.registerpage.registerpagetest(registerpage.java:14)
at Testcases.registerpage.registerpagetest(registerpage.java:14)
at Testcases.registerpage.registerpagetest(registerpage.java:14)
at Testcases.registerpage.registerpagetest(registerpage.java:14)
at Testcases.registerpage.registerpagetest(registerpage.java:14)
at Testcases.registerpage.registerpagetest(registerpage.java:14)
at Testcases.registerpage.registerpagetest(registerpage.java:14)
at Testcases.registerpage.registerpagetest(registerpage.java:14)
at Testcases.registerpage.registerpagetest(registerpage.java:14)
at Testcases.registerpage.registerpagetest(registerpage.java:14)
at Testcases.registerpage.registerpagetest(registerpage.java:14)
at Testcases.registerpage.registerpagetest(registerpage.java:14)
at Testcases.registerpage.registerpagetest(registerpage.java:14)
at Testcases.registerpage.registerpagetest(registerpage.java:14)
at Testcases.registerpage.registerpagetest(registerpage.java:14)
at Testcases.registerpage.registerpagetest(registerpage.java:14)
at Testcases.registerpage.registerpagetest(registerpage.java:14)
at Testcases.registerpage.registerpagetest(registerpage.java:14)
at Testcases.registerpage.registerpagetest(registerpage.java:14)
at Testcases.registerpage.registerpagetest(registerpage.java:14)
at Testcases.registerpage.registerpagetest(registerpage.java:14)
at Testcases.registerpage.registerpagetest(registerpage.java:14)
at Testcases.registerpage.registerpagetest(registerpage.java:14)
at Testcases.registerpage.registerpagetest(registerpage.java:14)
at Testcases.registerpage.registerpagetest(registerpage.java:14)
at Testcases.registerpage.registerpagetest(registerpage.java:14)
at Testcases.registerpage.registerpagetest(registerpage.java:14)
at Testcases.registerpage.registerpagetest(registerpage.java:14)
at Testcases.registerpage.registerpagetest(registerpage.java:14)
at Testcases.registerpage.registerpagetest(registerpage.java:14)
at Testcases.registerpage.registerpagetest(registerpage.java:14)
at Testcases.registerpage.registerpagetest(registerpage.java:14)
at Testcases.registerpage.registerpagetest(registerpage.java:14)
at Testcases.registerpage.registerpagetest(registerpage.java:14)
at Testcases.registerpage.registerpagetest(registerpage.java:14)
at Testcases.registerpage.registerpagetest(registerpage.java:14)
at Testcases.registerpage.registerpagetest(registerpage.java:14)
at Testcases.registerpage.registerpagetest(registerpage.java:14)
at Testcases.registerpage.registerpagetest(registerpage.java:14)
at Testcases.registerpage.registerpagetest(registerpage.java:14)
at Testcases.registerpage.registerpagetest(registerpage.java:14)
at Testcases.registerpage.registerpagetest(registerpage.java:14)
at Testcases.registerpage.registerpagetest(registerpage.java:14)
at Testcases.registerpage.registerpagetest(registerpage.java:14)
at Testcases.registerpage.registerpagetest(registerpage.java:14)
at Testcases.registerpage.registerpagetest(registerpage.java:14)
at Testcases.registerpage.registerpagetest(registerpage.java:14)
at Testcases.registerpage.registerpagetest(registerpage.java:14)
at Testcases.registerpage.registerpagetest(registerpage.java:14)
at Testcases.registerpage.registerpagetest(registerpage.java:14)
at Testcases.registerpage.registerpagetest(registerpage.java:14)
at Testcases.registerpage.registerpagetest(registerpage.java:14)
at Testcases.registerpage.registerpagetest(registerpage.java:14)
at Testcases.registerpage.registerpagetest(registerpage.java:14)
at Testcases.registerpage.registerpagetest(registerpage.java:14)
at Testcases.registerpage.registerpagetest(registerpage.java:14)
at Testcases.registerpage.registerpagetest(registerpage.java:14)
at Testcases.registerpage.registerpagetest(registerpage.java:14)
at Testcases.registerpage.registerpagetest(registerpage.java:14)
at Testcases.registerpage.registerpagetest(registerpage.java:14)
at Testcases.registerpage.registerpagetest(registerpage.java:14)
at Testcases.registerpage.registerpagetest(registerpage.java:14)
at Testcases.registerpage.registerpagetest(registerpage.java:14)
at Testcases.registerpage.registerpagetest(registerpage.java:14)
at Testcases.registerpage.registerpagetest(registerpage.java:14)
at Testcases.registerpage.registerpagetest(registerpage.java:14)
at Testcases.registerpage.registerpagetest(registerpage.java:14)
at Testcases.registerpage.registerpagetest(registerpage.java:14)
at Testcases.registerpage.registerpagetest(registerpage.java:14)
at Testcases.registerpage.registerpagetest(registerpage.java:14)
at Testcases.registerpage.registerpagetest(registerpage.java:14)
at Testcases.registerpage.registerpagetest(registerpage.java:14)
at Testcases.registerpage.registerpagetest(registerpage.java:14)
at Testcases.registerpage.registerpagetest(registerpage.java:14)
at Testcases.registerpage.registerpagetest(registerpage.java:14)
at Testcases.registerpage.registerpagetest(registerpage.java:14)
at Testcases.registerpage.registerpagetest(registerpage.java:14)
at Testcases.registerpage.registerpagetest(registerpage.java:14)
at Testcases.registerpage.registerpagetest(registerpage.java:14)
at Testcases.registerpage.registerpagetest(registerpage.java:14)
at Testcases.registerpage.registerpagetest(registerpage.java:14)
at Testcases.registerpage.registerpagetest(registerpage.java:14)
at Testcases.registerpage.registerpagetest(registerpage.java:14)
at Testcases.registerpage.registerpagetest(registerpage.java:14)
at Testcases.registerpage.registerpagetest(registerpage.java:14)
at Testcases.registerpage.registerpagetest(registerpage.java:14)
at Testcases.registerpage.registerpagetest(registerpage.java:14)
at Testcases.registerpage.registerpagetest(registerpage.java:14)
at Testcases.registerpage.registerpagetest(registerpage.java:14)
at Testcases.registerpage.registerpagetest(registerpage.java:14)
at Testcases.registerpage.registerpagetest(registerpage.java:14)
at Testcases.registerpage.registerpagetest(registerpage.java:14)
at Testcases.registerpage.registerpagetest(registerpage.java:14)
at Testcases.registerpage.registerpagetest(registerpage.java:14)
at Testcases.registerpage.registerpagetest(registerpage.java:14)
at Testcases.registerpage.registerpagetest(registerpage.java:14)
at Testcases.registerpage.registerpagetest(registerpage.java:14)
at Testcases.registerpage.registerpagetest(registerpage.java:14)
at Testcases.registerpage.registerpagetest(registerpage.java:14)
at Testcases.registerpage.registerpagetest(registerpage.java:14)
at Testcases.registerpage.registerpagetest(registerpage.java:14)
at Testcases.registerpage.registerpagetest(registerpage.java:14)
at Testcases.registerpage.registerpagetest(registerpage.java:14)
at Testcases.registerpage.registerpagetest(registerpage.java:14)
at Testcases.registerpage.registerpagetest(registerpage.java:14)
at Testcases.registerpage.registerpagetest(registerpage.java:14)
at Testcases.registerpage.registerpagetest(registerpage.java:14)
at Testcases.registerpage.registerpagetest(registerpage.java:14)
at Testcases.registerpage.registerpagetest(registerpage.java:14)
at Testcases.registerpage.registerpagetest(registerpage.java:14)
at Testcases.registerpage.registerpagetest(registerpage.java:14)
at Testcases.registerpage.registerpagetest(registerpage.java:14)
at Testcases.registerpage.registerpagetest(registerpage.java:14)
at Testcases.registerpage.registerpagetest(registerpage.java:14)
at Testcases.registerpage.registerpagetest(registerpage.java:14)
at Testcases.registerpage.registerpagetest(registerpage.java:14)
at Testcases.registerpage.registerpagetest(registerpage.java:14)
at Testcases.registerpage.registerpagetest(registerpage.java:14)
at Testcases.registerpage.registerpagetest(registerpage.java:14)
at Testcases.registerpage.registerpagetest(registerpage.java:14)
at Testcases.registerpage.registerpagetest(registerpage.java:14)
at Testcases.registerpage.registerpagetest(registerpage.java:14)
at Testcases.registerpage.registerpagetest(registerpage.java:14)
at Testcases.registerpage.registerpagetest(registerpage.java:14)
at Testcases.registerpage.registerpagetest(registerpage.java:14)
at Testcases.registerpage.registerpagetest(registerpage.java:14)
at Testcases.registerpage.registerpagetest(registerpage.java:14)
at Testcases.registerpage.registerpagetest(registerpage.java:14)
at Testcases.registerpage.registerpagetest(registerpage.java:14)
at Testcases.registerpage.registerpagetest(registerpage.java:14)
at Testcases.registerpage.registerpagetest(registerpage.java:14)
at Testcases.registerpage.registerpagetest(registerpage.java:14)
at Testcases.registerpage.registerpagetest(registerpage.java:14)
at Testcases.registerpage.registerpagetest(registerpage.java:14)
at Testcases.registerpage.registerpagetest(registerpage.java:14)
at Testcases.registerpage.registerpagetest(registerpage.java:14)
at Testcases.registerpage.registerpagetest(registerpage.java:14)
at Testcases.registerpage.registerpagetest(registerpage.java:14)
at Testcases.registerpage.registerpagetest(registerpage.java:14)
at Testcases.registerpage.registerpagetest(registerpage.java:14)
at Testcases.registerpage.registerpagetest(registerpage.java:14)
at Testcases.registerpage.registerpagetest(registerpage.java:14)
at Testcases.registerpage.registerpagetest(registerpage.java:14)
at Testcases.registerpage.registerpagetest(registerpage.java:14)
at Testcases.registerpage.registerpagetest(registerpage.java:14)
at Testcases.registerpage.registerpagetest(registerpage.java:14)
at Testcases.registerpage.registerpagetest(registerpage.java:14)
at Testcases.registerpage.registerpagetest(registerpage.java:14)
at Testcases.registerpage.registerpagetest(registerpage.java:14)
at Testcases.registerpage.registerpagetest(registerpage.java:14)
at Testcases.registerpage.registerpagetest(registerpage.java:14)
at Testcases.registerpage.registerpagetest(registerpage.java:14)
at Testcases.registerpage.registerpagetest(registerpage.java:14)
at Testcases.registerpage.registerpagetest(registerpage.java:14)
at Testcases.registerpage.registerpagetest(registerpage.java:14)
at Testcases.registerpage.registerpagetest(registerpage.java:14)
at Testcases.registerpage.registerpagetest(registerpage.java:14)
at Testcases.registerpage.registerpagetest(registerpage.java:14)
at Testcases.registerpage.registerpagetest(registerpage.java:14)
at Testcases.registerpage.registerpagetest(registerpage.java:14)
at Testcases.registerpage.registerpagetest(registerpage.java:14)
at Testcases.registerpage.registerpagetest(registerpage.java:14)
at Testcases.registerpage.registerpagetest(registerpage.java:14)
at Testcases.registerpage.registerpagetest(registerpage.java:14)
at Testcases.registerpage.registerpagetest(registerpage.java:14)
at Testcases.registerpage.registerpagetest(registerpage.java:14)
at Testcases.registerpage.registerpagetest(registerpage.java:14)
at Testcases.registerpage.registerpagetest(registerpage.java:14)
at Testcases.registerpage.registerpagetest(registerpage.java:14)
at Testcases.registerpage.registerpagetest(registerpage.java:14)
at Testcases.registerpage.registerpagetest(registerpage.java:14)
at Testcases.registerpage.registerpagetest(registerpage.java:14)
at Testcases.registerpage.registerpagetest(registerpage.java:14)
at Testcases.registerpage.registerpagetest(registerpage.java:14)
at Testcases.registerpage.registerpagetest(registerpage.java:14)
at Testcases.registerpage.registerpagetest(registerpage.java:14)
at Testcases.registerpage.registerpagetest(registerpage.java:14)
at Testcases.registerpage.registerpagetest(registerpage.java:14)
at Testcases.registerpage.registerpagetest(registerpage.java:14)
at Testcases.registerpage.registerpagetest(registerpage.java:14)
at Testcases.registerpage.registerpagetest(registerpage.java:14)
at Testcases.registerpage.registerpagetest(registerpage.java:14)
at Testcases.registerpage.registerpagetest(registerpage.java:14)
at Testcases.registerpage.registerpagetest(registerpage.java:14)
at Testcases.registerpage.registerpagetest(registerpage.java:14)
at Testcases.registerpage.registerpagetest(registerpage.java:14)
at Testcases.registerpage.registerpagetest(registerpage.java:14)
at Testcases.registerpage.registerpagetest(registerpage.java:14)
at Testcases.registerpage.registerpagetest(registerpage.java:14)
at Testcases.registerpage.registerpagetest(registerpage.java:14)
at Testcases.registerpage.registerpagetest(registerpage.java:14)
at Testcases.registerpage.registerpagetest(registerpage.java:14)
at Testcases.registerpage.registerpagetest(registerpage.java:14)
at Testcases.registerpage.registerpagetest(registerpage.java:14)
at Testcases.registerpage.registerpagetest(registerpage.java:14)
at Testcases.registerpage.registerpagetest(registerpage.java:14)
at Testcases.registerpage.registerpagetest(registerpage.java:14)
at Testcases.registerpage.registerpagetest(registerpage.java:14)
at Testcases.registerpage.registerpagetest(registerpage.java:14)
at Testcases.registerpage.registerpagetest(registerpage.java:14)
at Testcases.registerpage.registerpagetest(registerpage.java:14)
at Testcases.registerpage.registerpagetest(registerpage.java:14)
at Testcases.registerpage.registerpagetest(registerpage.java:14)
at Testcases.registerpage.registerpagetest(registerpage.java:14)
at Testcases.registerpage.registerpagetest(registerpage.java:14)
at Testcases.registerpage.registerpagetest(registerpage.java:14)
at Testcases.registerpage.registerpagetest(registerpage.java:14)
at Testcases.registerpage.registerpagetest(registerpage.java:14)
at Testcases.registerpage.registerpagetest(registerpage.java:14)
at Testcases.registerpage.registerpagetest(registerpage.java:14)
at Testcases.registerpage.registerpagetest(registerpage.java:14)
at Testcases.registerpage.registerpagetest(registerpage.java:14)
at Testcases.registerpage.registerpagetest(registerpage.java:14)
at Testcases.registerpage.registerpagetest(registerpage.java:14)
at Testcases.registerpage.registerpagetest(registerpage.java:14)
at Testcases.registerpage.registerpagetest(registerpage.java:14)
at Testcases.registerpage.registerpagetest(registerpage.java:14)
at Testcases.registerpage.registerpagetest(registerpage.java:14)
at Testcases.registerpage.registerpagetest(registerpage.java:14)
at Testcases.registerpage.registerpagetest(registerpage.java:14)
at Testcases.registerpage.registerpagetest(registerpage.java:14)
at Testcases.registerpage.registerpagetest(registerpage.java:14)
at Testcases.registerpage.registerpagetest(registerpage.java:14)
at Testcases.registerpage.registerpagetest(registerpage.java:14)
at Testcases.registerpage.registerpagetest(registerpage.java:14)
at Testcases.registerpage.registerpagetest(registerpage.java:14)
at Testcases.registerpage.registerpagetest(registerpage.java:14)
at Testcases.registerpage.registerpagetest(registerpage.java:14)
at Testcases.registerpage.registerpagetest(registerpage.java:14)
at Testcases.registerpage.registerpagetest(registerpage.java:14)
at Testcases.registerpage.registerpagetest(registerpage.java:14)
at Testcases.registerpage.registerpagetest(registerpage.java:14)
at Testcases.registerpage.registerpagetest(registerpage.java:14)
at Testcases.registerpage.registerpagetest(registerpage.java:14)
at Testcases.registerpage.registerpagetest(registerpage.java:14)
at Testcases.registerpage.registerpagetest(registerpage.java:14)
at Testcases.registerpage.registerpagetest(registerpage.java:14)
at Testcases.registerpage.registerpagetest(registerpage.java:14)
at Testcases.registerpage.registerpagetest(registerpage.java:14)
at Testcases.registerpage.registerpagetest(registerpage.java:14)
at Testcases.registerpage.registerpagetest(registerpage.java:14)
at Testcases.registerpage.registerpagetest(registerpage.java:14)
at Testcases.registerpage.registerpagetest(registerpage.java:14)
at Testcases.registerpage.registerpagetest(registerpage.java:14)
at Testcases.registerpage.registerpagetest(registerpage.java:14)
at Testcases.registerpage.registerpagetest(registerpage.java:14)
at Testcases.registerpage.registerpagetest(registerpage.java:14)
at Testcases.registerpage.registerpagetest(registerpage.java:14)
at Testcases.registerpage.registerpagetest(registerpage.java:14)
at Testcases.registerpage.registerpagetest(registerpage.java:14)
at Testcases.registerpage.registerpagetest(registerpage.java:14)
at Testcases.registerpage.registerpagetest(registerpage.java:14)
at Testcases.registerpage.registerpagetest(registerpage.java:14)
at Testcases.registerpage.registerpagetest(registerpage.java:14)
at Testcases.registerpage.registerpagetest(registerpage.java:14)
at Testcases.registerpage.registerpagetest(registerpage.java:14)
at Testcases.registerpage.registerpagetest(registerpage.java:14)
at Testcases.registerpage.registerpagetest(registerpage.java:14)
at Testcases.registerpage.registerpagetest(registerpage.java:14)
at Testcases.registerpage.registerpagetest(registerpage.java:14)
at Testcases.registerpage.registerpagetest(registerpage.java:14)
at Testcases.registerpage.registerpagetest(registerpage.java:14)
at Testcases.registerpage.registerpagetest(registerpage.java:14)
at Testcases.registerpage.registerpagetest(registerpage.java:14)
at Testcases.registerpage.registerpagetest(registerpage.java:14)
at Testcases.registerpage.registerpagetest(registerpage.java:14)
at Testcases.registerpage.registerpagetest(registerpage.java:14)
at Testcases.registerpage.registerpagetest(registerpage.java:14)
at Testcases.registerpage.registerpagetest(registerpage.java:14)
at Testcases.registerpage.registerpagetest(registerpage.java:14)
at Testcases.registerpage.registerpagetest(registerpage.java:14)
at Testcases.registerpage.registerpagetest(registerpage.java:14)
at Testcases.registerpage.registerpagetest(registerpage.java:14)
at Testcases.registerpage.registerpagetest(registerpage.java:14)
at Testcases.registerpage.registerpagetest(registerpage.java:14)
at Testcases.registerpage.registerpagetest(registerpage.java:14)
at Testcases.registerpage.registerpagetest(registerpage.java:14)
at Testcases.registerpage.registerpagetest(registerpage.java:14)
at Testcases.registerpage.registerpagetest(registerpage.java:14)
at Testcases.registerpage.registerpagetest(registerpage.java:14)
at Testcases.registerpage.registerpagetest(registerpage.java:14)
at Testcases.registerpage.registerpagetest(registerpage.java:14)
at Testcases.registerpage.registerpagetest(registerpage.java:14)
at Testcases.registerpage.registerpagetest(registerpage.java:14)
at Testcases.registerpage.registerpagetest(registerpage.java:14)
at Testcases.registerpage.registerpagetest(registerpage.java:14)
at Testcases.registerpage.registerpagetest(registerpage.java:14)
at Testcases.registerpage.registerpagetest(registerpage.java:14)
at Testcases.registerpage.registerpagetest(registerpage.java:14)
at Testcases.registerpage.registerpagetest(registerpage.java:14)
at Testcases.registerpage.registerpagetest(registerpage.java:14)
at Testcases.registerpage.registerpagetest(registerpage.java:14)
at Testcases.registerpage.registerpagetest(registerpage.java:14)
at Testcases.registerpage.registerpagetest(registerpage.java:14)
at Testcases.registerpage.registerpagetest(registerpage.java:14)
at Testcases.registerpage.registerpagetest(registerpage.java:14)
at Testcases.registerpage.registerpagetest(registerpage.java:14)
at Testcases.registerpage.registerpagetest(registerpage.java:14)
at Testcases.registerpage.registerpagetest(registerpage.java:14)
at Testcases.registerpage.registerpagetest(registerpage.java:14)
at Testcases.registerpage.registerpagetest(registerpage.java:14)
at Testcases.registerpage.registerpagetest(registerpage.java:14)
at Testcases.registerpage.registerpagetest(registerpage.java:14)
at Testcases.registerpage.registerpagetest(registerpage.java:14)
at Testcases.registerpage.registerpagetest(registerpage.java:14)
at Testcases.registerpage.registerpagetest(registerpage.java:14)
at Testcases.registerpage.registerpagetest(registerpage.java:14)
at Testcases.registerpage.registerpagetest(registerpage.java:14)
at Testcases.registerpage.registerpagetest(registerpage.java:14)
at Testcases.registerpage.registerpagetest(registerpage.java:14)
at Testcases.registerpage.registerpagetest(registerpage.java:14)
at Testcases.registerpage.registerpagetest(registerpage.java:14)
at Testcases.registerpage.registerpagetest(registerpage.java:14)
at Testcases.registerpage.registerpagetest(registerpage.java:14)
at Testcases.registerpage.registerpagetest(registerpage.java:14)
at Testcases.registerpage.registerpagetest(registerpage.java:14)
at Testcases.registerpage.registerpagetest(registerpage.java:14)
at Testcases.registerpage.registerpagetest(registerpage.java:14)
at Testcases.registerpage.registerpagetest(registerpage.java:14)
at Testcases.registerpage.registerpagetest(registerpage.java:14)
at Testcases.registerpage.registerpagetest(registerpage.java:14)
at Testcases.registerpage.registerpagetest(registerpage.java:14)
at Testcases.registerpage.registerpagetest(registerpage.java:14)
at Testcases.registerpage.registerpagetest(registerpage.java:14)
at Testcases.registerpage.registerpagetest(registerpage.java:14)
at Testcases.registerpage.registerpagetest(registerpage.java:14)
at Testcases.registerpage.registerpagetest(registerpage.java:14)
at Testcases.registerpage.registerpagetest(registerpage.java:14)
at Testcases.registerpage.registerpagetest(registerpage.java:14)
at Testcases.registerpage.registerpagetest(registerpage.java:14)
at Testcases.registerpage.registerpagetest(registerpage.java:14)
at Testcases.registerpage.registerpagetest(registerpage.java:14)
at Testcases.registerpage.registerpagetest(registerpage.java:14)
at Testcases.registerpage.registerpagetest(registerpage.java:14)
at Testcases.registerpage.registerpagetest(registerpage.java:14)
at Testcases.registerpage.registerpagetest(registerpage.java:14)
at Testcases.registerpage.registerpagetest(registerpage.java:14)
at Testcases.registerpage.registerpagetest(registerpage.java:14)
at Testcases.registerpage.registerpagetest(registerpage.java:14)
at Testcases.registerpage.registerpagetest(registerpage.java:14)
at Testcases.registerpage.registerpagetest(registerpage.java:14)
at Testcases.registerpage.registerpagetest(registerpage.java:14)
at Testcases.registerpage.registerpagetest(registerpage.java:14)
at Testcases.registerpage.registerpagetest(registerpage.java:14)
at Testcases.registerpage.registerpagetest(registerpage.java:14)
at Testcases.registerpage.registerpagetest(registerpage.java:14)
at Testcases.registerpage.registerpagetest(registerpage.java:14)
at Testcases.registerpage.registerpagetest(registerpage.java:14)
at Testcases.registerpage.registerpagetest(registerpage.java:14)
at Testcases.registerpage.registerpagetest(registerpage.java:14)
at Testcases.registerpage.registerpagetest(registerpage.java:14)
at Testcases.registerpage.registerpagetest(registerpage.java:14)
at Testcases.registerpage.registerpagetest(registerpage.java:14)
at Testcases.registerpage.registerpagetest(registerpage.java:14)
at Testcases.registerpage.registerpagetest(registerpage.java:14)
at Testcases.registerpage.registerpagetest(registerpage.java:14)
at Testcases.registerpage.registerpagetest(registerpage.java:14)
at Testcases.registerpage.registerpagetest(registerpage.java:14)
at Testcases.registerpage.registerpagetest(registerpage.java:14)
at Testcases.registerpage.registerpagetest(registerpage.java:14)
at Testcases.registerpage.registerpagetest(registerpage.java:14)
at Testcases.registerpage.registerpagetest(registerpage.java:14)
at Testcases.registerpage.registerpagetest(registerpage.java:14)
at Testcases.registerpage.registerpagetest(registerpage.java:14)
at Testcases.registerpage.registerpagetest(registerpage.java:14)
at Testcases.registerpage.registerpagetest(registerpage.java:14)
at Testcases.registerpage.registerpagetest(registerpage.java:14)
at Testcases.registerpage.registerpagetest(registerpage.java:14)
at Testcases.registerpage.registerpagetest(registerpage.java:14)
at Testcases.registerpage.registerpagetest(registerpage.java:14)
at Testcases.registerpage.registerpagetest(registerpage.java:14)
at Testcases.registerpage.registerpagetest(registerpage.java:14)
at Testcases.registerpage.registerpagetest(registerpage.java:14)
at Testcases.registerpage.registerpagetest(registerpage.java:14)
at Testcases.registerpage.registerpagetest(registerpage.java:14)
at Testcases.registerpage.registerpagetest(registerpage.java:14)
at Testcases.registerpage.registerpagetest(registerpage.java:14)
at Testcases.registerpage.registerpagetest(registerpage.java:14)
at Testcases.registerpage.registerpagetest(registerpage.java:14)
at Testcases.registerpage.registerpagetest(registerpage.java:14)
at Testcases.registerpage.registerpagetest(registerpage.java:14)
at Testcases.registerpage.registerpagetest(registerpage.java:14)
at Testcases.registerpage.registerpagetest(registerpage.java:14)
at Testcases.registerpage.registerpagetest(registerpage.java:14)
at Testcases.registerpage.registerpagetest(registerpage.java:14)
at Testcases.registerpage.registerpagetest(registerpage.java:14)
at Testcases.registerpage.registerpagetest(registerpage.java:14)
at Testcases.registerpage.registerpagetest(registerpage.java:14)
at Testcases.registerpage.registerpagetest(registerpage.java:14)
at Testcases.registerpage.registerpagetest(registerpage.java:14)
at Testcases.registerpage.registerpagetest(registerpage.java:14)
at Testcases.registerpage.registerpagetest(registerpage.java:14)
at Testcases.registerpage.registerpagetest(registerpage.java:14)
at Testcases.registerpage.registerpagetest(registerpage.java:14)
at Testcases.registerpage.registerpagetest(registerpage.java:14)
at Testcases.registerpage.registerpagetest(registerpage.java:14)
at Testcases.registerpage.registerpagetest(registerpage.java:14)
at Testcases.registerpage.registerpagetest(registerpage.java:14)
at Testcases.registerpage.registerpagetest(registerpage.java:14)
at Testcases.registerpage.registerpagetest(registerpage.java:14)
at Testcases.registerpage.registerpagetest(registerpage.java:14)
at Testcases.registerpage.registerpagetest(registerpage.java:14)
at Testcases.registerpage.registerpagetest(registerpage.java:14)
at Testcases.registerpage.registerpagetest(registerpage.java:14)
at Testcases.registerpage.registerpagetest(registerpage.java:14)
at Testcases.registerpage.registerpagetest(registerpage.java:14)
at Testcases.registerpage.registerpagetest(registerpage.java:14)
at Testcases.registerpage.registerpagetest(registerpage.java:14)
at Testcases.registerpage.registerpagetest(registerpage.java:14)
at Testcases.registerpage.registerpagetest(registerpage.java:14)
at Testcases.registerpage.registerpagetest(registerpage.java:14)
at Testcases.registerpage.registerpagetest(registerpage.java:14)
at Testcases.registerpage.registerpagetest(registerpage.java:14)
at Testcases.registerpage.registerpagetest(registerpage.java:14)
at Testcases.registerpage.registerpagetest(registerpage.java:14)
at Testcases.registerpage.registerpagetest(registerpage.java:14)
at Testcases.registerpage.registerpagetest(registerpage.java:14)
at Testcases.registerpage.registerpagetest(registerpage.java:14)
at Testcases.registerpage.registerpagetest(registerpage.java:14)
at Testcases.registerpage.registerpagetest(registerpage.java:14)
at Testcases.registerpage.registerpagetest(registerpage.java:14)
at Testcases.registerpage.registerpagetest(registerpage.java:14)
at Testcases.registerpage.registerpagetest(registerpage.java:14)
at Testcases.registerpage.registerpagetest(registerpage.java:14)
at Testcases.registerpage.registerpagetest(registerpage.java:14)
at Testcases.registerpage.registerpagetest(registerpage.java:14)
at Testcases.registerpage.registerpagetest(registerpage.java:14)
at Testcases.registerpage.registerpagetest(registerpage.java:14)
at Testcases.registerpage.registerpagetest(registerpage.java:14)
at Testcases.registerpage.registerpagetest(registerpage.java:14)
at Testcases.registerpage.registerpagetest(registerpage.java:14)
at Testcases.registerpage.registerpagetest(registerpage.java:14)
at Testcases.registerpage.registerpagetest(registerpage.java:14)
at Testcases.registerpage.registerpagetest(registerpage.java:14)
at Testcases.registerpage.registerpagetest(registerpage.java:14)
at Testcases.registerpage.registerpagetest(registerpage.java:14)
at Testcases.registerpage.registerpagetest(registerpage.java:14)
at Testcases.registerpage.registerpagetest(registerpage.java:14)
at Testcases.registerpage.registerpagetest(registerpage.java:14)
at Testcases.registerpage.registerpagetest(registerpage.java:14)
at Testcases.registerpage.registerpagetest(registerpage.java:14)
at Testcases.registerpage.registerpagetest(registerpage.java:14)
at Testcases.registerpage.registerpagetest(registerpage.java:14)
at Testcases.registerpage.registerpagetest(registerpage.java:14)
at Testcases.registerpage.registerpagetest(registerpage.java:14)
at Testcases.registerpage.registerpagetest(registerpage.java:14)
at Testcases.registerpage.registerpagetest(registerpage.java:14)
at Testcases.registerpage.registerpagetest(registerpage.java:14)
at Testcases.registerpage.registerpagetest(registerpage.java:14)
at Testcases.registerpage.registerpagetest(registerpage.java:14)
]]>
    </error>
  </testcase> <!-- registerpagetest -->
  <system-out/>
</testsuite> <!-- Testcases.registerpage -->
