<?xml version="1.0" encoding="UTF-8"?>
<!-- Generated by org.testng.reporters.JUnitReportReporter -->
<testsuite hostname="LAPTOP-FHFSTG3K" failures="0" tests="2" name="Testcases.registerpagetest" time="4.186" errors="0" timestamp="2022-12-23T19:02:39 IST" skipped="0">
  <testcase classname="Testcases.registerpagetest" name="verifyregistertest" time="0.190"/>
  <system-out/>
  <testcase classname="Testcases.registerpagetest" name="enterregisterdetails" time="3.996"/>
  <system-out/>
</testsuite> <!-- Testcases.registerpagetest -->
